   Epoch         Accuracy             Loss      Global_step
       0           0.9936           0.0403       79200.0000 
       1           0.9945           0.0354       79800.0000 
       2           0.9941           0.0361       80400.0000 
       3           0.9939           0.0363       81000.0000 
       4           0.9939           0.0381       81600.0000 
       5           0.9932           0.0380       82200.0000 
       6           0.9930           0.0432       82800.0000 
       7           0.9929           0.0359       83400.0000 
       8           0.9938           0.0376       84000.0000 
       9           0.9936           0.0370       84600.0000 
      10           0.9938           0.0384       85200.0000 
      11           0.9935           0.0380       85800.0000 
      12           0.9936           0.0376       86400.0000 
      13           0.9928           0.0455       87000.0000 
      14           0.9929           0.0344       87600.0000 
      15           0.9928           0.0370       88200.0000 
      16           0.9940           0.0346       88800.0000 
      17           0.9937           0.0355       89400.0000 
      18           0.9937           0.0357       90000.0000 
      19           0.9928           0.0412       90600.0000 
      20           0.9930           0.0377       91200.0000 
      21           0.9928           0.0481       91800.0000 
      22           0.9937           0.0401       92400.0000 
      23           0.9939           0.0372       93000.0000 
      24           0.9942           0.0377       93600.0000 
      25           0.9939           0.0368       94200.0000 
      26           0.9932           0.0389       94800.0000 
      27           0.9928           0.0492       95400.0000 
      28           0.9936           0.0417       96000.0000 
      29           0.9927           0.0415       96600.0000 
      30           0.9934           0.0369       97200.0000 
      31           0.9942           0.0379       97800.0000 
      32           0.9940           0.0385       98400.0000 
      33           0.9943           0.0379       99000.0000 
      34           0.9931           0.0387       99600.0000 
      35           0.9937           0.0373      100200.0000 
      36           0.9940           0.0404      100800.0000 
      37           0.9939           0.0394      101400.0000 
      38           0.9939           0.0380      102000.0000 
      39           0.9940           0.0349      102600.0000 
